TN:
SF:src/index.ts
FN:10,sessionSerializer
FN:12,toString
FN:16,sessionDeserializer
FNF:3
FNH:3
FNDA:2,sessionSerializer
FNDA:1,toString
FNDA:1,sessionDeserializer
DA:1,1
DA:2,1
DA:3,1
DA:4,1
DA:5,1
DA:6,1
DA:7,1
DA:8,1
DA:9,1
DA:10,2
DA:11,2
DA:12,2
DA:13,2
DA:14,2
DA:15,1
DA:16,1
DA:17,1
DA:18,1
DA:19,1
DA:20,1
DA:21,1
DA:22,1
DA:23,1
DA:24,1
DA:25,1
DA:26,1
DA:27,1
DA:28,1
DA:29,1
DA:30,1
LF:30
LH:30
BRDA:10,0,0,2
BRDA:12,1,0,1
BRDA:12,2,0,1
BRDA:12,3,0,1
BRDA:16,4,0,1
BRF:5
BRH:5
end_of_record
